#
# There is insufficient memory for the Java Runtime Environment to continue.
# Native memory allocation (malloc) failed to allocate 1986336 bytes for Chunk::new
# Possible reasons:
#   The system is out of physical RAM or swap space
#   The process is running with CompressedOops enabled, and the Java Heap may be blocking the growth of the native heap
# Possible solutions:
#   Reduce memory load on the system
#   Increase physical memory or swap space
#   Check if swap backing store is full
#   Decrease Java heap size (-Xmx/-Xms)
#   Decrease number of Java threads
#   Decrease Java thread stack sizes (-Xss)
#   Set larger code cache with -XX:ReservedCodeCacheSize=
#   JVM is running with Unscaled Compressed Oops mode in which the Java heap is
#     placed in the first 4GB address space. The Java Heap base address is the
#     maximum limit for the native heap growth. Please use -XX:HeapBaseMinAddress
#     to set the Java Heap base and to place the Java Heap above 4GB virtual address.
# This output file may be truncated or incomplete.
#
#  Out of Memory Error (allocation.cpp:389), pid=9152, tid=0x0000000000003a80
#
# JRE version: OpenJDK Runtime Environment (8.0_212-b04) (build 1.8.0_212-release-1586-b04)
# Java VM: OpenJDK 64-Bit Server VM (25.212-b04 mixed mode windows-amd64 compressed oops)
# Failed to write core dump. Minidumps are not enabled by default on client versions of Windows
#

---------------  T H R E A D  ---------------

Current thread (0x0000000016211800):  JavaThread "C2 CompilerThread1" daemon [_thread_in_native, id=14976, stack(0x0000000017990000,0x0000000017a90000)]

Stack: [0x0000000017990000,0x0000000017a90000]
[error occurred during error reporting (printing stack bounds), id 0xc0000005]

Native frames: (J=compiled Java code, j=interpreted, Vv=VM code, C=native code)


Current CompileTask:
C2:  18870 7988   !   4       java.net.URLClassLoader$1::run (63 bytes)


---------------  P R O C E S S  ---------------

Java Threads: ( => current thread )
  0x0000000018931800 JavaThread "Cache worker for execution history cache (C:\Users\Nirav\AndroidStudioProjects\StroringApp2\.gradle\5.6.4\executionHistory)" [_thread_blocked, id=5104, stack(0x0000000023980000,0x0000000023a80000)]
  0x000000001892c800 JavaThread "Execution worker for ':' Thread 3" [_thread_blocked, id=14456, stack(0x0000000023480000,0x0000000023580000)]
  0x0000000018924800 JavaThread "Execution worker for ':' Thread 2" [_thread_blocked, id=14696, stack(0x0000000023380000,0x0000000023480000)]
  0x000000001892b000 JavaThread "Execution worker for ':'" [_thread_in_Java, id=15752, stack(0x0000000023280000,0x0000000023380000)]
  0x0000000018923000 JavaThread "Cache worker for file content cache (C:\Users\Nirav\AndroidStudioProjects\StroringApp2\.gradle\5.6.4\fileContent)" [_thread_blocked, id=15096, stack(0x0000000022f80000,0x0000000023080000)]
  0x0000000018928000 JavaThread "Cache worker for file content cache (C:\Users\Nirav\.gradle\caches\5.6.4\fileContent)" [_thread_blocked, id=9436, stack(0x0000000022e80000,0x0000000022f80000)]
  0x0000000018926000 JavaThread "Memory manager" [_thread_blocked, id=15576, stack(0x0000000022d80000,0x0000000022e80000)]
  0x0000000018929000 JavaThread "Cache worker for Build Output Cleanup Cache (C:\Users\Nirav\AndroidStudioProjects\StroringApp2\.gradle\buildOutputCleanup)" [_thread_blocked, id=912, stack(0x0000000021020000,0x0000000021120000)]
  0x0000000018925000 JavaThread "pool-1-thread-1" [_thread_blocked, id=11760, stack(0x0000000020ad0000,0x0000000020bd0000)]
  0x0000000018929800 JavaThread "Build operations Thread 4" [_thread_blocked, id=8676, stack(0x00000000207d0000,0x00000000208d0000)]
  0x0000000018926800 JavaThread "Build operations Thread 3" [_thread_blocked, id=13900, stack(0x00000000206d0000,0x00000000207d0000)]
  0x0000000018922000 JavaThread "Build operations Thread 2" [_thread_blocked, id=11556, stack(0x00000000205d0000,0x00000000206d0000)]
  0x0000000018923800 JavaThread "Build operations" [_thread_blocked, id=8396, stack(0x00000000204d0000,0x00000000205d0000)]
  0x0000000018397000 JavaThread "Cache worker for execution history cache (C:\Users\Nirav\.gradle\caches\5.6.4\executionHistory)" [_thread_blocked, id=12616, stack(0x00000000203d0000,0x00000000204d0000)]
  0x0000000018395000 JavaThread "Cache worker for cache directory md-rule (C:\Users\Nirav\.gradle\caches\5.6.4\md-rule)" [_thread_blocked, id=15820, stack(0x00000000202d0000,0x00000000203d0000)]
  0x0000000018394000 JavaThread "Cache worker for cache directory md-supplier (C:\Users\Nirav\.gradle\caches\5.6.4\md-supplier)" [_thread_blocked, id=13044, stack(0x000000001e710000,0x000000001e810000)]
  0x0000000018390800 JavaThread "Cache worker for file hash cache (C:\Users\Nirav\AndroidStudioProjects\StroringApp2\.gradle\5.6.4\fileHashes)" [_thread_blocked, id=4968, stack(0x000000001e410000,0x000000001e510000)]
  0x0000000018392000 JavaThread "Cache worker for journal cache (C:\Users\Nirav\.gradle\caches\journal-1)" [_thread_blocked, id=12328, stack(0x000000001bfb0000,0x000000001c0b0000)]
  0x0000000018396800 JavaThread "File lock request listener" [_thread_in_native, id=2176, stack(0x000000001beb0000,0x000000001bfb0000)]
  0x0000000019c86800 JavaThread "Cache worker for file hash cache (C:\Users\Nirav\.gradle\caches\5.6.4\fileHashes)" [_thread_blocked, id=5748, stack(0x000000001bdb0000,0x000000001beb0000)]
  0x0000000019bdc000 JavaThread "Thread-9" [_thread_blocked, id=14184, stack(0x000000001bab0000,0x000000001bbb0000)]
  0x0000000019bc7000 JavaThread "Stdin handler" [_thread_blocked, id=12924, stack(0x000000001b9b0000,0x000000001bab0000)]
  0x0000000019bc3800 JavaThread "Asynchronous log dispatcher for DefaultDaemonConnection: socket connection from /127.0.0.1:62743 to /127.0.0.1:62744" [_thread_blocked, id=6228, stack(0x000000001b8b0000,0x000000001b9b0000)]
  0x0000000019bc1000 JavaThread "Daemon worker" [_thread_blocked, id=3400, stack(0x000000001b7b0000,0x000000001b8b0000)]
  0x0000000019bb5800 JavaThread "Cancel handler" [_thread_blocked, id=15324, stack(0x000000001b6b0000,0x000000001b7b0000)]
  0x0000000019ba4800 JavaThread "Handler for socket connection from /127.0.0.1:62743 to /127.0.0.1:62744" [_thread_in_native, id=3592, stack(0x000000001b3b0000,0x000000001b4b0000)]
  0x0000000019b9f000 JavaThread "Daemon" [_thread_blocked, id=9828, stack(0x000000001b2b0000,0x000000001b3b0000)]
  0x0000000019b79000 JavaThread "Daemon periodic checks" [_thread_blocked, id=11128, stack(0x000000001b1b0000,0x000000001b2b0000)]
  0x0000000019b1a800 JavaThread "Incoming local TCP Connector on port 62743" [_thread_in_native, id=1804, stack(0x000000001af70000,0x000000001b070000)]
  0x0000000019ac9000 JavaThread "Daemon health stats" [_thread_blocked, id=4344, stack(0x000000001a930000,0x000000001aa30000)]
  0x0000000017abc800 JavaThread "Service Thread" daemon [_thread_blocked, id=12368, stack(0x0000000017f90000,0x0000000018090000)]
  0x0000000017a98800 JavaThread "C1 CompilerThread2" daemon [_thread_blocked, id=12712, stack(0x0000000017e90000,0x0000000017f90000)]
=>0x0000000016211800 JavaThread "C2 CompilerThread1" daemon [_thread_in_native, id=14976, stack(0x0000000017990000,0x0000000017a90000)]
  0x000000001620d800 JavaThread "C2 CompilerThread0" daemon [_thread_in_native, id=7056, stack(0x0000000017890000,0x0000000017990000)]
  0x000000001621b800 JavaThread "Attach Listener" daemon [_thread_blocked, id=11136, stack(0x0000000017790000,0x0000000017890000)]
  0x000000001621a000 JavaThread "Signal Dispatcher" daemon [_thread_blocked, id=14284, stack(0x0000000017690000,0x0000000017790000)]
  0x0000000002895800 JavaThread "Finalizer" daemon [_thread_blocked, id=10872, stack(0x0000000017490000,0x0000000017590000)]
  0x00000000161f9000 JavaThread "Reference Handler" daemon [_thread_blocked, id=11820, stack(0x0000000017390000,0x0000000017490000)]
  0x000000000269e800 JavaThread "main" [_thread_blocked, id=13592, stack(0x00000000026a0000,0x00000000027a0000)]

Other Threads:
  0x00000000161d6800 VMThread [stack: 0x0000000017290000,0x0000000017390000] [id=5656]
  0x0000000017abf800 WatcherThread [stack: 0x0000000018090000,0x0000000018190000] [id=12532]

VM state:not at safepoint (normal execution)

VM Mutex/Monitor currently owned by a thread: None

heap address: 0x00000000a0000000, size: 1536 MB, Compressed Oops mode: 32-bit
Narrow klass base: 0x0000000000000000, Narrow klass shift: 3
Compressed class space size: 1073741824 Address: 0x0000000100000000

Heap:
 PSYoungGen      total 192000K, used 68513K [0x00000000e0000000, 0x00000000eef80000, 0x0000000100000000)
  eden space 173568K, 31% used [0x00000000e0000000,0x00000000e35726f8,0x00000000ea980000)
  from space 18432K, 74% used [0x00000000ea980000,0x00000000eb6f5eb0,0x00000000ebb80000)
  to   space 19456K, 0% used [0x00000000edc80000,0x00000000edc80000,0x00000000eef80000)
 ParOldGen       total 138752K, used 34814K [0x00000000a0000000, 0x00000000a8780000, 0x00000000e0000000)
  object space 138752K, 25% used [0x00000000a0000000,0x00000000a21ff820,0x00000000a8780000)
 Metaspace       used 62910K, capacity 65290K, committed 65496K, reserved 1105920K
  class space    used 8650K, capacity 9145K, committed 9176K, reserved 1048576K

Card table byte_map: [0x0000000011c60000,0x0000000011f70000] byte_map_base: 0x0000000011760000

Marking Bits: (ParMarkBitMap*) 0x0000000067569f30
 Begin Bits: [0x0000000012570000, 0x0000000013d70000)
 End Bits:   [0x0000000013d70000, 0x0000000015570000)

Polling page: 0x0000000002530000

CodeCache: size=245760Kb used=22956Kb max_used=22956Kb free=222803Kb
 bounds [0x00000000028a0000, 0x0000000003f20000, 0x00000000118a0000]
 total_blobs=8037 nmethods=7244 adapters=706
 compilation: enabled

Compilation events (10 events):
Event: 18.857 Thread 0x0000000017a98800 nmethod 8083 0x0000000003f0a910 code [0x0000000003f0aaa0, 0x0000000003f0aea8]
Event: 18.857 Thread 0x0000000017a98800 8084       3       kotlin.text.StringsKt__StringsKt::lastIndexOf (51 bytes)
Event: 18.857 Thread 0x0000000017a98800 nmethod 8084 0x0000000003f0b090 code [0x0000000003f0b240, 0x0000000003f0b868]
Event: 18.857 Thread 0x0000000017a98800 8085       3       kotlin.reflect.jvm.internal.impl.serialization.deserialization.ClassDeserializer$ClassKey::hashCode (8 bytes)
Event: 18.858 Thread 0x0000000017a98800 nmethod 8085 0x0000000003f0ba10 code [0x0000000003f0bb80, 0x0000000003f0bd88]
Event: 18.858 Thread 0x0000000017a98800 8086       3       kotlin.reflect.jvm.internal.impl.metadata.ProtoBuf$Type::getDefaultInstance (4 bytes)
Event: 18.858 Thread 0x0000000017a98800 nmethod 8086 0x0000000003f0be50 code [0x0000000003f0bfa0, 0x0000000003f0c0d0]
Event: 18.859 Thread 0x0000000017a98800 8087       3       kotlin.reflect.jvm.internal.impl.load.kotlin.header.ReadKotlinClassHeaderAnnotationVisitor$KotlinMetadataArgumentVisitor::visit (216 bytes)
Event: 18.861 Thread 0x0000000017a98800 nmethod 8087 0x0000000003f0c150 code [0x0000000003f0c4a0, 0x0000000003f0e6d8]
Event: 18.861 Thread 0x0000000017a98800 8091   !   3       kotlin.reflect.jvm.internal.impl.metadata.jvm.JvmProtoBuf$StringTableTypes$Record::<init> (759 bytes)

GC Heap History (10 events):
Event: 10.647 GC heap before
{Heap before GC invocations=12 (full 2):
 PSYoungGen      total 119296K, used 107520K [0x00000000e0000000, 0x00000000eaa80000, 0x0000000100000000)
  eden space 107520K, 100% used [0x00000000e0000000,0x00000000e6900000,0x00000000e6900000)
  from space 11776K, 0% used [0x00000000e6900000,0x00000000e6900000,0x00000000e7480000)
  to   space 12288K, 0% used [0x00000000e9e80000,0x00000000e9e80000,0x00000000eaa80000)
 ParOldGen       total 89600K, used 16975K [0x00000000a0000000, 0x00000000a5780000, 0x00000000e0000000)
  object space 89600K, 18% used [0x00000000a0000000,0x00000000a1093d48,0x00000000a5780000)
 Metaspace       used 45041K, capacity 46048K, committed 46336K, reserved 1089536K
  class space    used 6048K, capacity 6318K, committed 6400K, reserved 1048576K
Event: 10.663 GC heap after
Heap after GC invocations=12 (full 2):
 PSYoungGen      total 147968K, used 12276K [0x00000000e0000000, 0x00000000eaa80000, 0x0000000100000000)
  eden space 135680K, 0% used [0x00000000e0000000,0x00000000e0000000,0x00000000e8480000)
  from space 12288K, 99% used [0x00000000e9e80000,0x00000000eaa7d328,0x00000000eaa80000)
  to   space 14848K, 0% used [0x00000000e8d80000,0x00000000e8d80000,0x00000000e9c00000)
 ParOldGen       total 89600K, used 19667K [0x00000000a0000000, 0x00000000a5780000, 0x00000000e0000000)
  object space 89600K, 21% used [0x00000000a0000000,0x00000000a1334cc8,0x00000000a5780000)
 Metaspace       used 45041K, capacity 46048K, committed 46336K, reserved 1089536K
  class space    used 6048K, capacity 6318K, committed 6400K, reserved 1048576K
}
Event: 12.772 GC heap before
{Heap before GC invocations=13 (full 2):
 PSYoungGen      total 147968K, used 147956K [0x00000000e0000000, 0x00000000eaa80000, 0x0000000100000000)
  eden space 135680K, 100% used [0x00000000e0000000,0x00000000e8480000,0x00000000e8480000)
  from space 12288K, 99% used [0x00000000e9e80000,0x00000000eaa7d328,0x00000000eaa80000)
  to   space 14848K, 0% used [0x00000000e8d80000,0x00000000e8d80000,0x00000000e9c00000)
 ParOldGen       total 89600K, used 19667K [0x00000000a0000000, 0x00000000a5780000, 0x00000000e0000000)
  object space 89600K, 21% used [0x00000000a0000000,0x00000000a1334cc8,0x00000000a5780000)
 Metaspace       used 53957K, capacity 55684K, committed 55808K, reserved 1097728K
  class space    used 7413K, capacity 7812K, committed 7936K, reserved 1048576K
Event: 12.813 GC heap after
Heap after GC invocations=13 (full 2):
 PSYoungGen      total 159744K, used 14824K [0x00000000e0000000, 0x00000000ece00000, 0x0000000100000000)
  eden space 144896K, 0% used [0x00000000e0000000,0x00000000e0000000,0x00000000e8d80000)
  from space 14848K, 99% used [0x00000000e8d80000,0x00000000e9bfa090,0x00000000e9c00000)
  to   space 18944K, 0% used [0x00000000ebb80000,0x00000000ebb80000,0x00000000ece00000)
 ParOldGen       total 89600K, used 25906K [0x00000000a0000000, 0x00000000a5780000, 0x00000000e0000000)
  object space 89600K, 28% used [0x00000000a0000000,0x00000000a194ca30,0x00000000a5780000)
 Metaspace       used 53957K, capacity 55684K, committed 55808K, reserved 1097728K
  class space    used 7413K, capacity 7812K, committed 7936K, reserved 1048576K
}
Event: 14.230 GC heap before
{Heap before GC invocations=14 (full 2):
 PSYoungGen      total 159744K, used 72750K [0x00000000e0000000, 0x00000000ece00000, 0x0000000100000000)
  eden space 144896K, 39% used [0x00000000e0000000,0x00000000e3891770,0x00000000e8d80000)
  from space 14848K, 99% used [0x00000000e8d80000,0x00000000e9bfa090,0x00000000e9c00000)
  to   space 18944K, 0% used [0x00000000ebb80000,0x00000000ebb80000,0x00000000ece00000)
 ParOldGen       total 89600K, used 25906K [0x00000000a0000000, 0x00000000a5780000, 0x00000000e0000000)
  object space 89600K, 28% used [0x00000000a0000000,0x00000000a194ca30,0x00000000a5780000)
 Metaspace       used 57178K, capacity 59000K, committed 59096K, reserved 1099776K
  class space    used 7886K, capacity 8340K, committed 8408K, reserved 1048576K
Event: 14.254 GC heap after
Heap after GC invocations=14 (full 2):
 PSYoungGen      total 192512K, used 6038K [0x00000000e0000000, 0x00000000ed880000, 0x0000000100000000)
  eden space 173568K, 0% used [0x00000000e0000000,0x00000000e0000000,0x00000000ea980000)
  from space 18944K, 31% used [0x00000000ebb80000,0x00000000ec165b80,0x00000000ece00000)
  to   space 18432K, 0% used [0x00000000ea980000,0x00000000ea980000,0x00000000ebb80000)
 ParOldGen       total 89600K, used 34841K [0x00000000a0000000, 0x00000000a5780000, 0x00000000e0000000)
  object space 89600K, 38% used [0x00000000a0000000,0x00000000a22065b0,0x00000000a5780000)
 Metaspace       used 57178K, capacity 59000K, committed 59096K, reserved 1099776K
  class space    used 7886K, capacity 8340K, committed 8408K, reserved 1048576K
}
Event: 14.254 GC heap before
{Heap before GC invocations=15 (full 3):
 PSYoungGen      total 192512K, used 6038K [0x00000000e0000000, 0x00000000ed880000, 0x0000000100000000)
  eden space 173568K, 0% used [0x00000000e0000000,0x00000000e0000000,0x00000000ea980000)
  from space 18944K, 31% used [0x00000000ebb80000,0x00000000ec165b80,0x00000000ece00000)
  to   space 18432K, 0% used [0x00000000ea980000,0x00000000ea980000,0x00000000ebb80000)
 ParOldGen       total 89600K, used 34841K [0x00000000a0000000, 0x00000000a5780000, 0x00000000e0000000)
  object space 89600K, 38% used [0x00000000a0000000,0x00000000a22065b0,0x00000000a5780000)
 Metaspace       used 57178K, capacity 59000K, committed 59096K, reserved 1099776K
  class space    used 7886K, capacity 8340K, committed 8408K, reserved 1048576K
Event: 14.587 GC heap after
Heap after GC invocations=15 (full 3):
 PSYoungGen      total 192512K, used 0K [0x00000000e0000000, 0x00000000ed880000, 0x0000000100000000)
  eden space 173568K, 0% used [0x00000000e0000000,0x00000000e0000000,0x00000000ea980000)
  from space 18944K, 0% used [0x00000000ebb80000,0x00000000ebb80000,0x00000000ece00000)
  to   space 18432K, 0% used [0x00000000ea980000,0x00000000ea980000,0x00000000ebb80000)
 ParOldGen       total 138752K, used 34806K [0x00000000a0000000, 0x00000000a8780000, 0x00000000e0000000)
  object space 138752K, 25% used [0x00000000a0000000,0x00000000a21fd820,0x00000000a8780000)
 Metaspace       used 57178K, capacity 59000K, committed 59096K, reserved 1099776K
  class space    used 7886K, capacity 8340K, committed 8408K, reserved 1048576K
}
Event: 17.447 GC heap before
{Heap before GC invocations=16 (full 3):
 PSYoungGen      total 192512K, used 173568K [0x00000000e0000000, 0x00000000ed880000, 0x0000000100000000)
  eden space 173568K, 100% used [0x00000000e0000000,0x00000000ea980000,0x00000000ea980000)
  from space 18944K, 0% used [0x00000000ebb80000,0x00000000ebb80000,0x00000000ece00000)
  to   space 18432K, 0% used [0x00000000ea980000,0x00000000ea980000,0x00000000ebb80000)
 ParOldGen       total 138752K, used 34806K [0x00000000a0000000, 0x00000000a8780000, 0x00000000e0000000)
  object space 138752K, 25% used [0x00000000a0000000,0x00000000a21fd820,0x00000000a8780000)
 Metaspace       used 60328K, capacity 62678K, committed 62936K, reserved 1103872K
  class space    used 8313K, capacity 8851K, committed 8920K, reserved 1048576K
Event: 17.468 GC heap after
Heap after GC invocations=16 (full 3):
 PSYoungGen      total 192000K, used 13783K [0x00000000e0000000, 0x00000000eef80000, 0x0000000100000000)
  eden space 173568K, 0% used [0x00000000e0000000,0x00000000e0000000,0x00000000ea980000)
  from space 18432K, 74% used [0x00000000ea980000,0x00000000eb6f5eb0,0x00000000ebb80000)
  to   space 19456K, 0% used [0x00000000edc80000,0x00000000edc80000,0x00000000eef80000)
 ParOldGen       total 138752K, used 34814K [0x00000000a0000000, 0x00000000a8780000, 0x00000000e0000000)
  object space 138752K, 25% used [0x00000000a0000000,0x00000000a21ff820,0x00000000a8780000)
 Metaspace       used 60328K, capacity 62678K, committed 62936K, reserved 1103872K
  class space    used 8313K, capacity 8851K, committed 8920K, reserved 1048576K
}

Deoptimization events (10 events):
Event: 15.887 Thread 0x0000000019bc1000 Uncommon trap: reason=bimorphic action=maybe_recompile pc=0x0000000003b49988 method=com.google.common.collect.NaturalOrdering.compare(Ljava/lang/Comparable;Ljava/lang/Comparable;)I @ 12
Event: 15.892 Thread 0x0000000018929000 Uncommon trap: reason=null_check action=make_not_entrant pc=0x0000000003c36bf4 method=org.gradle.cache.internal.btree.CachingBlockStore.maybeGetFromCache(Lorg/gradle/cache/internal/btree/BlockPointer;Ljava/lang/Class;)Lorg/gradle/cache/internal/btree/Bloc
Event: 15.984 Thread 0x0000000018924800 Uncommon trap: reason=unstable_if action=reinterpret pc=0x000000000363a4d4 method=java.util.concurrent.ConcurrentHashMap.addCount(JI)V @ 97
Event: 16.057 Thread 0x0000000019bc1000 Uncommon trap: reason=predicate action=maybe_recompile pc=0x0000000002de3648 method=com.google.common.base.CharMatcher.indexIn(Ljava/lang/CharSequence;I)I @ 22
Event: 16.803 Thread 0x0000000019bc1000 Uncommon trap: reason=unstable_if action=reinterpret pc=0x0000000002c82828 method=java.lang.String.regionMatches(ZILjava/lang/String;II)Z @ 123
Event: 16.942 Thread 0x0000000018924800 Uncommon trap: reason=unstable_if action=reinterpret pc=0x0000000003cd85e8 method=org.gradle.internal.hash.HashCode.equals(Ljava/lang/Object;)Z @ 2
Event: 17.473 Thread 0x0000000018931800 Uncommon trap: reason=unstable_if action=reinterpret pc=0x0000000003be99b0 method=com.google.common.collect.MapMakerInternalMap$Segment.drainKeyReferenceQueue(Ljava/lang/ref/ReferenceQueue;)V @ 8
Event: 17.561 Thread 0x0000000019bc1000 Uncommon trap: reason=unstable_if action=reinterpret pc=0x0000000003bac790 method=java.util.concurrent.ConcurrentLinkedQueue.offer(Ljava/lang/Object;)Z @ 40
Event: 17.627 Thread 0x0000000019bdc000 Uncommon trap: reason=unstable_if action=reinterpret pc=0x00000000030abad4 method=com.esotericsoftware.kryo.io.Output.writeBytes([BII)V @ 61
Event: 18.374 Thread 0x000000001892b000 Uncommon trap: reason=unstable_if action=reinterpret pc=0x0000000003c5faec method=java.lang.String.lastIndexOf([CII[CIII)I @ 17

Classes redefined (0 events):
No events

Internal exceptions (10 events):
Event: 15.788 Thread 0x0000000019bdc000 Exception <a 'java/lang/NoSuchMethodError': <clinit>> (0x00000000e488c170) thrown at [D:\src\AOSP-openjdk-cygwin\jdk8u\hotspot\src\share\vm\prims\jni.cpp, line 1614]
Event: 15.788 Thread 0x0000000019bdc000 Exception <a 'java/lang/NoSuchMethodError': <clinit>> (0x00000000e4894ed8) thrown at [D:\src\AOSP-openjdk-cygwin\jdk8u\hotspot\src\share\vm\prims\jni.cpp, line 1614]
Event: 15.821 Thread 0x0000000019bdc000 Exception <a 'java/lang/NoSuchMethodError': <clinit>> (0x00000000e489f880) thrown at [D:\src\AOSP-openjdk-cygwin\jdk8u\hotspot\src\share\vm\prims\jni.cpp, line 1614]
Event: 15.827 Thread 0x0000000019bdc000 Exception <a 'java/lang/NoSuchMethodError': <clinit>> (0x00000000e4958fd8) thrown at [D:\src\AOSP-openjdk-cygwin\jdk8u\hotspot\src\share\vm\prims\jni.cpp, line 1614]
Event: 15.828 Thread 0x0000000019bdc000 Exception <a 'java/lang/NoSuchMethodError': <clinit>> (0x00000000e495aaf0) thrown at [D:\src\AOSP-openjdk-cygwin\jdk8u\hotspot\src\share\vm\prims\jni.cpp, line 1614]
Event: 15.828 Thread 0x0000000019bdc000 Exception <a 'java/lang/NoSuchMethodError': <clinit>> (0x00000000e495c980) thrown at [D:\src\AOSP-openjdk-cygwin\jdk8u\hotspot\src\share\vm\prims\jni.cpp, line 1614]
Event: 15.892 Thread 0x0000000018929000 Implicit null exception at 0x0000000003c3445c to 0x0000000003c36be5
Event: 15.901 Thread 0x0000000019bdc000 Exception <a 'java/lang/NoSuchMethodError': <clinit>> (0x00000000e4969d28) thrown at [D:\src\AOSP-openjdk-cygwin\jdk8u\hotspot\src\share\vm\prims\jni.cpp, line 1614]
Event: 16.749 Thread 0x000000001892b000 Exception <a 'java/lang/NoSuchMethodError': <clinit>> (0x00000000e8868828) thrown at [D:\src\AOSP-openjdk-cygwin\jdk8u\hotspot\src\share\vm\prims\jni.cpp, line 1614]
Event: 16.749 Thread 0x000000001892b000 Exception <a 'java/lang/NoSuchMethodError': <clinit>> (0x00000000e8869b48) thrown at [D:\src\AOSP-openjdk-cygwin\jdk8u\hotspot\src\share\vm\prims\jni.cpp, line 1614]

Events (10 events):
Event: 18.819 loading class kotlin/reflect/jvm/internal/impl/types/model/TypeParameterMarker
Event: 18.819 loading class kotlin/reflect/jvm/internal/impl/types/model/TypeParameterMarker done
Event: 18.820 loading class kotlin/reflect/jvm/internal/impl/types/Variance
Event: 18.820 loading class kotlin/reflect/jvm/internal/impl/types/Variance done
Event: 18.821 loading class kotlin/reflect/jvm/internal/impl/descriptors/impl/AbstractTypeParameterDescriptor$1
Event: 18.821 loading class kotlin/reflect/jvm/internal/impl/descriptors/impl/AbstractTypeParameterDescriptor$1 done
Event: 18.823 loading class kotlin/reflect/jvm/internal/impl/descriptors/impl/AbstractTypeParameterDescriptor$2
Event: 18.823 loading class kotlin/reflect/jvm/internal/impl/descriptors/impl/AbstractTypeParameterDescriptor$2 done
Event: 18.824 loading class kotlin/reflect/jvm/internal/impl/serialization/deserialization/descriptors/DeserializedTypeParameterDescriptor$annotations$1
Event: 18.824 loading class kotlin/reflect/jvm/internal/impl/serialization/deserialization/descriptors/DeserializedTypeParameterDescriptor$annotations$1 done


Dynamic libraries:
0x00007ff74cfb0000 - 0x00007ff74cfe1000 	C:\Program Files\Android\Android Studio\jre\bin\java.exe
0x00007ffa88f60000 - 0x00007ffa89150000 	C:\WINDOWS\SYSTEM32\ntdll.dll
0x00007ffa88e60000 - 0x00007ffa88f12000 	C:\WINDOWS\System32\KERNEL32.DLL
0x00007ffa86990000 - 0x00007ffa86c34000 	C:\WINDOWS\System32\KERNELBASE.dll
0x00007ffa87390000 - 0x00007ffa87433000 	C:\WINDOWS\System32\ADVAPI32.dll
0x00007ffa87130000 - 0x00007ffa871ce000 	C:\WINDOWS\System32\msvcrt.dll
0x00007ffa874a0000 - 0x00007ffa87537000 	C:\WINDOWS\System32\sechost.dll
0x00007ffa87010000 - 0x00007ffa87130000 	C:\WINDOWS\System32\RPCRT4.dll
0x00007ffa871f0000 - 0x00007ffa87384000 	C:\WINDOWS\System32\USER32.dll
0x00007ffa86ce0000 - 0x00007ffa86d01000 	C:\WINDOWS\System32\win32u.dll
0x00007ffa87540000 - 0x00007ffa87566000 	C:\WINDOWS\System32\GDI32.dll
0x00007ffa86d10000 - 0x00007ffa86ea5000 	C:\WINDOWS\System32\gdi32full.dll
0x00007ffa86c40000 - 0x00007ffa86cde000 	C:\WINDOWS\System32\msvcp_win.dll
0x00007ffa86810000 - 0x00007ffa8690a000 	C:\WINDOWS\System32\ucrtbase.dll
0x00007ffa752c0000 - 0x00007ffa75544000 	C:\WINDOWS\WinSxS\amd64_microsoft.windows.common-controls_6595b64144ccf1df_6.0.18362.900_none_e6beb9d913147d17\COMCTL32.dll
0x00007ffa87f40000 - 0x00007ffa88275000 	C:\WINDOWS\System32\combase.dll
0x00007ffa86910000 - 0x00007ffa86990000 	C:\WINDOWS\System32\bcryptPrimitives.dll
0x00007ffa87d60000 - 0x00007ffa87d8e000 	C:\WINDOWS\System32\IMM32.DLL
0x0000000067920000 - 0x00000000679f2000 	C:\Program Files\Android\Android Studio\jre\jre\bin\msvcr100.dll
0x0000000066da0000 - 0x00000000675e6000 	C:\Program Files\Android\Android Studio\jre\jre\bin\server\jvm.dll
0x00007ffa871d0000 - 0x00007ffa871d8000 	C:\WINDOWS\System32\PSAPI.DLL
0x00007ffa7e9a0000 - 0x00007ffa7e9a9000 	C:\WINDOWS\SYSTEM32\WSOCK32.dll
0x00007ffa87cf0000 - 0x00007ffa87d5f000 	C:\WINDOWS\System32\WS2_32.dll
0x00007ffa83930000 - 0x00007ffa83954000 	C:\WINDOWS\SYSTEM32\WINMM.dll
0x00007ffa7e560000 - 0x00007ffa7e56a000 	C:\WINDOWS\SYSTEM32\VERSION.dll
0x00007ffa83900000 - 0x00007ffa8392d000 	C:\WINDOWS\SYSTEM32\WINMMBASE.dll
0x00007ffa86040000 - 0x00007ffa8608a000 	C:\WINDOWS\System32\cfgmgr32.dll
0x00007ffa7e990000 - 0x00007ffa7e99f000 	C:\Program Files\Android\Android Studio\jre\jre\bin\verify.dll
0x00007ffa74cf0000 - 0x00007ffa74d19000 	C:\Program Files\Android\Android Studio\jre\jre\bin\java.dll
0x00007ffa702e0000 - 0x00007ffa702f6000 	C:\Program Files\Android\Android Studio\jre\jre\bin\zip.dll
0x00007ffa886f0000 - 0x00007ffa88dd6000 	C:\WINDOWS\System32\SHELL32.dll
0x00007ffa87b60000 - 0x00007ffa87c09000 	C:\WINDOWS\System32\shcore.dll
0x00007ffa86090000 - 0x00007ffa86810000 	C:\WINDOWS\System32\windows.storage.dll
0x00007ffa85e30000 - 0x00007ffa85e53000 	C:\WINDOWS\System32\profapi.dll
0x00007ffa85ea0000 - 0x00007ffa85eea000 	C:\WINDOWS\System32\powrprof.dll
0x00007ffa85e20000 - 0x00007ffa85e30000 	C:\WINDOWS\System32\UMPDC.dll
0x00007ffa87440000 - 0x00007ffa87492000 	C:\WINDOWS\System32\shlwapi.dll
0x00007ffa85e80000 - 0x00007ffa85e91000 	C:\WINDOWS\System32\kernel.appcore.dll
0x00007ffa86ee0000 - 0x00007ffa86ef7000 	C:\WINDOWS\System32\cryptsp.dll
0x00007ffa702c0000 - 0x00007ffa702da000 	C:\Program Files\Android\Android Studio\jre\jre\bin\net.dll
0x00007ffa777c0000 - 0x00007ffa77996000 	C:\WINDOWS\SYSTEM32\urlmon.dll
0x00007ffa7b320000 - 0x00007ffa7b5c6000 	C:\WINDOWS\SYSTEM32\iertutil.dll
0x00007ffa85860000 - 0x00007ffa8586c000 	C:\WINDOWS\SYSTEM32\CRYPTBASE.DLL
0x00007ffa85690000 - 0x00007ffa856f7000 	C:\WINDOWS\system32\mswsock.dll
0x00007ffa6f6c0000 - 0x00007ffa6f6d3000 	C:\Program Files\Android\Android Studio\jre\jre\bin\nio.dll
0x00007ffa467c0000 - 0x00007ffa467e6000 	C:\Users\Nirav\.gradle\native\30\windows-amd64\native-platform.dll
0x00007ffa74cc0000 - 0x00007ffa74ccd000 	C:\Program Files\Android\Android Studio\jre\jre\bin\management.dll
0x00007ffa85200000 - 0x00007ffa85233000 	C:\WINDOWS\system32\rsaenh.dll
0x00007ffa86eb0000 - 0x00007ffa86ed6000 	C:\WINDOWS\System32\bcrypt.dll
0x00007ffa85d40000 - 0x00007ffa85d65000 	C:\WINDOWS\SYSTEM32\USERENV.dll
0x00007ffa853a0000 - 0x00007ffa853da000 	C:\WINDOWS\SYSTEM32\IPHLPAPI.DLL
0x00007ffa871e0000 - 0x00007ffa871e8000 	C:\WINDOWS\System32\NSI.dll
0x00007ffa76a30000 - 0x00007ffa76a46000 	C:\WINDOWS\SYSTEM32\dhcpcsvc6.DLL
0x00007ffa76e70000 - 0x00007ffa76e8c000 	C:\WINDOWS\SYSTEM32\dhcpcsvc.DLL
0x00007ffa853f0000 - 0x00007ffa854bb000 	C:\WINDOWS\SYSTEM32\DNSAPI.dll

VM Arguments:
jvm_args: -Xmx1536m -Dfile.encoding=windows-1252 -Duser.country=IN -Duser.language=en -Duser.variant 
java_command: org.gradle.launcher.daemon.bootstrap.GradleDaemon 5.6.4
java_class_path (initial): C:\Users\Nirav\.gradle\wrapper\dists\gradle-5.6.4-all\ankdp27end7byghfw1q2sw75f\gradle-5.6.4\lib\gradle-launcher-5.6.4.jar
Launcher Type: SUN_STANDARD

Environment Variables:
PATH=C:\Python38\Scripts\;C:\Python38\;C:\Program Files (x86)\Common Files\Oracle\Java\javapath;"C:\Program Files (x86)\Common Files\Oracle\Java\javapath;C:\Users\Nirav\Desktop;";C:\WINDOWS\system32;C:\WINDOWS;C:\WINDOWS\System32\Wbem;C:\WINDOWS\System32\WindowsPowerShell\v1.0\;C:\Program Files\Java\jdk1.8.0_181\bin;C:\ProgramData\Oracle\Java\javapath;C:\WINDOWS\System32\OpenSSH\;C:\TDM-GCC-64\bin;C:\ProgramData\chocolatey\bin;C:\Program Files\Git\cmd;C:\Program Files\nodejs\;C:\Users\Nirav\AppData\Local\Programs\Python\Python37\Scripts\;C:\Users\Nirav\AppData\Local\Programs\Python\Python37\;"C:\Users\Nirav\AppData\Local\Microsoft\WindowsApps;";C:\Program Files\Java\jdk1.8.0_181\bin;C:\Users\Nirav\AppData\Local\Microsoft\WindowsApps;;C:\Users\Nirav\AppData\Local\Programs\Microsoft VS Code\bin;C:\Users\Nirav\AppData\Roaming\npm
USERNAME=Nirav
OS=Windows_NT
PROCESSOR_IDENTIFIER=Intel64 Family 6 Model 142 Stepping 9, GenuineIntel



---------------  S Y S T E M  ---------------

OS: Windows 10.0 , 64 bit Build 18362 (10.0.18362.900)

CPU:total 4 (initial active 4) (2 cores per cpu, 2 threads per core) family 6 model 142 stepping 9, cmov, cx8, fxsr, mmx, sse, sse2, sse3, ssse3, sse4.1, sse4.2, popcnt, avx, avx2, aes, clmul, erms, 3dnowpref, lzcnt, ht, tsc, tscinvbit, bmi1, bmi2, adx

Memory: 4k page, physical 8260324k(948192k free), swap 8260324k(6172k free)

vm_info: OpenJDK 64-Bit Server VM (25.212-b04) for windows-amd64 JRE (1.8.0_212-release-1586-b04), built by "builder" with MS VC++ 10.0 (VS2010)

time: Sun Jun 21 03:42:28 2020
timezone: India Standard Time
elapsed time: 18 seconds (0d 0h 0m 18s)

